<?xml version="1.0" encoding="UTF-8"?>
<!-- Generated by org.testng.reporters.JUnitReportReporter -->
<testsuite hostname="DESKTOP-GQNAHQC" failures="0" tests="2" name="com.testcases.Testcase" time="5.183" errors="0" timestamp="2022-07-26T18:37:59 IST" skipped="0">
  <testcase classname="com.testcases.Testcase" name="login" time="1.363"/>
  <system-out/>
  <testcase classname="com.testcases.Testcase" name="login" time="3.820"/>
  <system-out/>
</testsuite> <!-- com.testcases.Testcase -->
